2023-07-23 13:07:818 INFO  StartPage :28 - Click on start Button
2023-07-23 13:07:658 INFO  SelectNationalityPage :24 - Select Nationality
2023-07-23 13:07:68 INFO  SelectNationalityPage :31 - Click next step Button
2023-07-23 13:07:193 INFO  ReasonForTravelPage :34 - select Reason for Australia
2023-07-23 13:07:356 INFO  SelectNationalityPage :31 - Click next step Button
2023-07-23 13:07:212 INFO  ResultPage :42 - get result message tourism
2023-07-23 13:07:796 INFO  StartPage :28 - Click on start Button
2023-07-23 13:07:756 INFO  SelectNationalityPage :24 - Select Nationality
2023-07-23 13:07:43 INFO  SelectNationalityPage :31 - Click next step Button
2023-07-23 13:07:27 INFO  ReasonForTravelPage :34 - select Reason for Australia
2023-07-23 13:07:178 INFO  SelectNationalityPage :31 - Click next step Button
2023-07-23 13:07:769 INFO  ResultPage :42 - get result message tourism
2023-07-23 13:07:07 INFO  StartPage :28 - Click on start Button
2023-07-23 13:07:760 INFO  SelectNationalityPage :24 - Select Nationality
2023-07-23 13:07:898 INFO  SelectNationalityPage :31 - Click next step Button
2023-07-23 14:07:651 INFO  StartPage :28 - Click on start Button
2023-07-23 14:07:578 INFO  SelectNationalityPage :24 - Select Nationality
2023-07-23 14:07:761 INFO  SelectNationalityPage :31 - Click next step Button
2023-07-23 14:07:535 INFO  ReasonForTravelPage :34 - select Reason for Australia
2023-07-23 14:07:616 INFO  SelectNationalityPage :31 - Click next step Button
2023-07-23 14:07:353 INFO  ResultPage :42 - get result message tourism
2023-07-23 14:07:26 INFO  StartPage :28 - Click on start Button
2023-07-23 14:07:645 INFO  SelectNationalityPage :24 - Select Nationality
2023-07-23 14:07:789 INFO  SelectNationalityPage :31 - Click next step Button
2023-07-23 14:07:446 INFO  StartPage :28 - Click on start Button
2023-07-23 14:07:45 INFO  SelectNationalityPage :24 - Select Nationality
2023-07-23 14:07:192 INFO  SelectNationalityPage :31 - Click next step Button
2023-07-23 14:07:882 INFO  StartPage :28 - Click on start Button
2023-07-23 14:07:762 INFO  SelectNationalityPage :24 - Select Nationality
2023-07-23 14:07:936 INFO  SelectNationalityPage :31 - Click next step Button
2023-07-23 14:07:389 INFO  ReasonForTravelPage :34 - select Reason for Australia
2023-07-23 14:07:704 INFO  SelectNationalityPage :31 - Click next step Button
2023-07-23 14:07:228 INFO  ResultPage :42 - get result message tourism
2023-07-23 14:07:778 INFO  StartPage :28 - Click on start Button
2023-07-23 14:07:468 INFO  SelectNationalityPage :24 - Select Nationality
2023-07-23 14:07:627 INFO  SelectNationalityPage :31 - Click next step Button
2023-07-23 14:07:90 INFO  StartPage :28 - Click on start Button
2023-07-23 14:07:954 INFO  SelectNationalityPage :24 - Select Nationality
2023-07-23 14:07:112 INFO  SelectNationalityPage :31 - Click next step Button
2023-07-23 14:07:542 INFO  StartPage :28 - Click on start Button
2023-07-23 14:07:158 INFO  SelectNationalityPage :24 - Select Nationality
2023-07-23 14:07:455 INFO  SelectNationalityPage :31 - Click next step Button
2023-07-23 14:07:66 INFO  ReasonForTravelPage :34 - select Reason for Australia
2023-07-23 14:07:410 INFO  SelectNationalityPage :31 - Click next step Button
2023-07-23 14:07:867 INFO  ResultPage :42 - get result message tourism
2023-07-23 14:07:236 INFO  StartPage :28 - Click on start Button
2023-07-23 14:07:962 INFO  SelectNationalityPage :24 - Select Nationality
2023-07-23 14:07:181 INFO  SelectNationalityPage :31 - Click next step Button
2023-07-23 14:07:534 INFO  StartPage :28 - Click on start Button
2023-07-23 14:07:276 INFO  SelectNationalityPage :24 - Select Nationality
2023-07-23 14:07:457 INFO  SelectNationalityPage :31 - Click next step Button
2023-07-23 14:07:98 INFO  StartPage :28 - Click on start Button
2023-07-23 14:07:830 INFO  SelectNationalityPage :24 - Select Nationality
2023-07-23 14:07:04 INFO  SelectNationalityPage :31 - Click next step Button
2023-07-23 14:07:568 INFO  ReasonForTravelPage :34 - select Reason for Australia
2023-07-23 14:07:922 INFO  SelectNationalityPage :31 - Click next step Button
2023-07-23 14:07:444 INFO  ResultPage :42 - get result message tourism
2023-07-23 14:07:702 INFO  StartPage :28 - Click on start Button
2023-07-23 14:07:452 INFO  SelectNationalityPage :24 - Select Nationality
2023-07-23 14:07:602 INFO  SelectNationalityPage :31 - Click next step Button
2023-07-23 14:07:33 INFO  StartPage :28 - Click on start Button
2023-07-23 14:07:786 INFO  SelectNationalityPage :24 - Select Nationality
2023-07-23 14:07:941 INFO  SelectNationalityPage :31 - Click next step Button
2023-07-23 15:07:130 INFO  StartPage :28 - Click on start Button
2023-07-23 15:07:772 INFO  SelectNationalityPage :24 - Select Nationality
2023-07-23 15:07:167 INFO  SelectNationalityPage :31 - Click next step Button
2023-07-23 15:07:761 INFO  ReasonForTravelPage :45 - select reason for colombia
2023-07-23 15:07:900 INFO  SelectNationalityPage :31 - Click next step Button
2023-07-23 15:07:345 INFO  ResultPage :53 - get result message family stay
2023-07-23 15:07:653 INFO  StartPage :28 - Click on start Button
2023-07-23 15:07:195 INFO  SelectNationalityPage :24 - Select Nationality
2023-07-23 15:07:463 INFO  SelectNationalityPage :31 - Click next step Button
2023-07-23 15:07:535 INFO  ReasonForTravelPage :39 - select reason for chile
2023-07-23 15:07:649 INFO  SelectNationalityPage :31 - Click next step Button
2023-07-23 15:07:577 INFO  DurationOfStayPage :36 - Select More Then 6months
2023-07-23 15:07:658 INFO  SelectNationalityPage :31 - Click next step Button
2023-07-23 15:07:388 INFO  ReasonForTravelPage :39 - select reason for chile
2023-07-23 15:07:470 INFO  SelectNationalityPage :31 - Click next step Button
2023-07-23 15:07:459 INFO  ResultPage :42 - get result message tourism
2023-07-23 15:07:622 INFO  StartPage :28 - Click on start Button
2023-07-23 15:07:240 INFO  SelectNationalityPage :24 - Select Nationality
2023-07-23 15:07:393 INFO  SelectNationalityPage :31 - Click next step Button
2023-07-23 15:07:23 INFO  ReasonForTravelPage :45 - select reason for colombia
2023-07-23 15:07:518 INFO  SelectNationalityPage :31 - Click next step Button
2023-07-23 15:07:328 INFO  ResultPage :53 - get result message family stay
2023-07-23 15:07:988 INFO  StartPage :28 - Click on start Button
2023-07-23 15:07:621 INFO  SelectNationalityPage :24 - Select Nationality
2023-07-23 15:07:803 INFO  SelectNationalityPage :31 - Click next step Button
2023-07-23 15:07:323 INFO  ReasonForTravelPage :39 - select reason for chile
2023-07-23 15:07:427 INFO  SelectNationalityPage :31 - Click next step Button
2023-07-23 15:07:797 INFO  DurationOfStayPage :36 - Select More Then 6months
2023-07-23 15:07:912 INFO  SelectNationalityPage :31 - Click next step Button
2023-07-23 15:07:338 INFO  ReasonForTravelPage :39 - select reason for chile
2023-07-23 15:07:417 INFO  SelectNationalityPage :31 - Click next step Button
2023-07-23 15:07:632 INFO  ResultPage :42 - get result message tourism
2023-07-23 15:07:968 INFO  StartPage :28 - Click on start Button
2023-07-23 15:07:670 INFO  SelectNationalityPage :24 - Select Nationality
2023-07-23 15:07:849 INFO  SelectNationalityPage :31 - Click next step Button
2023-07-23 15:07:51 INFO  ReasonForTravelPage :39 - select reason for chile
2023-07-23 15:07:351 INFO  SelectNationalityPage :31 - Click next step Button
2023-07-23 15:07:579 INFO  DurationOfStayPage :36 - Select More Then 6months
2023-07-23 15:07:820 INFO  SelectNationalityPage :31 - Click next step Button
2023-07-23 15:07:30 INFO  ReasonForTravelPage :39 - select reason for chile
2023-07-23 15:07:293 INFO  SelectNationalityPage :31 - Click next step Button
2023-07-23 15:07:809 INFO  ResultPage :42 - get result message tourism
2023-07-23 15:07:723 INFO  StartPage :28 - Click on start Button
2023-07-23 15:07:445 INFO  SelectNationalityPage :24 - Select Nationality
2023-07-23 15:07:614 INFO  SelectNationalityPage :31 - Click next step Button
2023-07-23 15:07:162 INFO  ReasonForTravelPage :39 - select reason for chile
2023-07-23 15:07:478 INFO  SelectNationalityPage :31 - Click next step Button
2023-07-23 15:07:788 INFO  DurationOfStayPage :36 - Select More Then 6months
2023-07-23 15:07:27 INFO  SelectNationalityPage :31 - Click next step Button
2023-07-23 15:07:586 INFO  ReasonForTravelPage :39 - select reason for chile
2023-07-23 15:07:822 INFO  SelectNationalityPage :31 - Click next step Button
2023-07-23 15:07:417 INFO  ResultPage :42 - get result message tourism
2023-07-23 15:07:112 INFO  StartPage :28 - Click on start Button
2023-07-23 15:07:943 INFO  SelectNationalityPage :24 - Select Nationality
2023-07-23 15:07:138 INFO  SelectNationalityPage :31 - Click next step Button
2023-07-23 15:07:456 INFO  ReasonForTravelPage :39 - select reason for chile
2023-07-23 15:07:840 INFO  SelectNationalityPage :31 - Click next step Button
2023-07-23 15:07:221 INFO  DurationOfStayPage :36 - Select More Then 6months
2023-07-23 15:07:305 INFO  SelectNationalityPage :31 - Click next step Button
2023-07-23 15:07:715 INFO  ReasonForTravelPage :39 - select reason for chile
2023-07-23 15:07:819 INFO  SelectNationalityPage :31 - Click next step Button
2023-07-23 15:07:281 INFO  ResultPage :42 - get result message tourism
2023-07-23 15:07:672 INFO  StartPage :28 - Click on start Button
2023-07-23 15:07:129 INFO  SelectNationalityPage :24 - Select Nationality
2023-07-23 15:07:345 INFO  SelectNationalityPage :31 - Click next step Button
2023-07-23 15:07:146 INFO  ReasonForTravelPage :39 - select reason for chile
2023-07-23 15:07:260 INFO  SelectNationalityPage :31 - Click next step Button
2023-07-23 15:07:529 INFO  DurationOfStayPage :36 - Select More Then 6months
2023-07-23 15:07:834 INFO  SelectNationalityPage :31 - Click next step Button
2023-07-23 15:07:68 INFO  ReasonForTravelPage :39 - select reason for chile
2023-07-23 15:07:936 INFO  SelectNationalityPage :31 - Click next step Button
2023-07-23 15:07:310 INFO  ResultPage :42 - get result message tourism
2023-07-23 15:07:178 INFO  StartPage :28 - Click on start Button
2023-07-23 15:07:901 INFO  SelectNationalityPage :24 - Select Nationality
2023-07-23 15:07:97 INFO  SelectNationalityPage :31 - Click next step Button
2023-07-23 15:07:397 INFO  ReasonForTravelPage :39 - select reason for chile
2023-07-23 15:07:701 INFO  SelectNationalityPage :31 - Click next step Button
2023-07-23 15:07:61 INFO  DurationOfStayPage :36 - Select More Then 6months
2023-07-23 15:07:176 INFO  SelectNationalityPage :31 - Click next step Button
2023-07-23 15:07:421 INFO  ReasonForTravelPage :39 - select reason for chile
2023-07-23 15:07:653 INFO  SelectNationalityPage :31 - Click next step Button
2023-07-23 15:07:934 INFO  ResultPage :42 - get result message tourism
2023-07-23 15:07:851 INFO  StartPage :28 - Click on start Button
2023-07-23 15:07:412 INFO  SelectNationalityPage :24 - Select Nationality
2023-07-23 15:07:660 INFO  SelectNationalityPage :31 - Click next step Button
2023-07-23 15:07:952 INFO  ReasonForTravelPage :39 - select reason for chile
2023-07-23 15:07:365 INFO  SelectNationalityPage :31 - Click next step Button
2023-07-23 15:07:712 INFO  DurationOfStayPage :36 - Select More Then 6months
2023-07-23 15:07:826 INFO  SelectNationalityPage :31 - Click next step Button
2023-07-23 15:07:121 INFO  ReasonForTravelPage :39 - select reason for chile
2023-07-23 15:07:220 INFO  SelectNationalityPage :31 - Click next step Button
2023-07-23 15:07:534 INFO  ResultPage :42 - get result message tourism
2023-07-23 15:07:699 INFO  StartPage :28 - Click on start Button
2023-07-23 15:07:256 INFO  SelectNationalityPage :24 - Select Nationality
2023-07-23 15:07:553 INFO  SelectNationalityPage :31 - Click next step Button
2023-07-23 15:07:810 INFO  ReasonForTravelPage :39 - select reason for chile
2023-07-23 15:07:177 INFO  SelectNationalityPage :31 - Click next step Button
2023-07-23 15:07:542 INFO  DurationOfStayPage :36 - Select More Then 6months
2023-07-23 15:07:652 INFO  SelectNationalityPage :31 - Click next step Button
2023-07-23 15:07:819 INFO  ReasonForTravelPage :39 - select reason for chile
2023-07-23 15:07:80 INFO  SelectNationalityPage :31 - Click next step Button
2023-07-23 15:07:247 INFO  ResultPage :42 - get result message tourism
2023-07-23 15:07:69 INFO  StartPage :28 - Click on start Button
2023-07-23 15:07:807 INFO  SelectNationalityPage :24 - Select Nationality
2023-07-23 15:07:978 INFO  SelectNationalityPage :31 - Click next step Button
2023-07-23 15:07:145 INFO  ReasonForTravelPage :39 - select reason for chile
2023-07-23 15:07:472 INFO  SelectNationalityPage :31 - Click next step Button
2023-07-23 15:07:825 INFO  DurationOfStayPage :36 - Select More Then 6months
2023-07-23 15:07:909 INFO  SelectNationalityPage :31 - Click next step Button
2023-07-23 15:07:323 INFO  ReasonForTravelPage :39 - select reason for chile
2023-07-23 15:07:452 INFO  SelectNationalityPage :31 - Click next step Button
2023-07-23 15:07:892 INFO  ResultPage :42 - get result message tourism
2023-07-23 15:07:358 INFO  StartPage :28 - Click on start Button
2023-07-23 15:07:783 INFO  SelectNationalityPage :24 - Select Nationality
2023-07-23 15:07:967 INFO  SelectNationalityPage :31 - Click next step Button
2023-07-23 15:07:572 INFO  ReasonForTravelPage :39 - select reason for chile
2023-07-23 15:07:687 INFO  SelectNationalityPage :31 - Click next step Button
2023-07-23 15:07:26 INFO  DurationOfStayPage :36 - Select More Then 6months
2023-07-23 15:07:289 INFO  SelectNationalityPage :31 - Click next step Button
2023-07-23 15:07:528 INFO  ReasonForTravelPage :39 - select reason for chile
2023-07-23 15:07:975 INFO  SelectNationalityPage :31 - Click next step Button
2023-07-23 15:07:775 INFO  ResultPage :43 - get result message tourism
2023-07-23 15:07:596 INFO  StartPage :28 - Click on start Button
2023-07-23 15:07:463 INFO  SelectNationalityPage :24 - Select Nationality
2023-07-23 15:07:627 INFO  SelectNationalityPage :31 - Click next step Button
2023-07-23 15:07:867 INFO  ReasonForTravelPage :39 - select reason for chile
2023-07-23 15:07:150 INFO  SelectNationalityPage :31 - Click next step Button
2023-07-23 15:07:446 INFO  DurationOfStayPage :36 - Select More Then 6months
2023-07-23 15:07:716 INFO  SelectNationalityPage :31 - Click next step Button
2023-07-23 15:07:984 INFO  ReasonForTravelPage :39 - select reason for chile
2023-07-23 15:07:262 INFO  SelectNationalityPage :31 - Click next step Button
2023-07-23 15:07:412 INFO  ResultPage :44 - get result message tourism
2023-07-23 15:07:02 INFO  StartPage :28 - Click on start Button
2023-07-23 15:07:886 INFO  SelectNationalityPage :24 - Select Nationality
2023-07-23 15:07:70 INFO  SelectNationalityPage :31 - Click next step Button
2023-07-23 15:07:877 INFO  ReasonForTravelPage :34 - select Reason for Australia
2023-07-23 15:07:22 INFO  SelectNationalityPage :31 - Click next step Button
2023-07-23 15:07:296 INFO  ResultPage :44 - get result message tourism
2023-07-23 15:07:220 INFO  StartPage :28 - Click on start Button
2023-07-23 15:07:814 INFO  SelectNationalityPage :24 - Select Nationality
2023-07-23 15:07:986 INFO  SelectNationalityPage :31 - Click next step Button
2023-07-23 15:07:256 INFO  ReasonForTravelPage :39 - select reason for chile
2023-07-23 15:07:568 INFO  SelectNationalityPage :31 - Click next step Button
2023-07-23 15:07:802 INFO  DurationOfStayPage :36 - Select More Then 6months
2023-07-23 15:07:54 INFO  SelectNationalityPage :31 - Click next step Button
2023-07-23 15:07:300 INFO  ResultPage :37 - confirm result Healthcare
2023-07-23 15:07:303 INFO  ResultPage :29 - get result message Healthcare
2023-07-23 15:07:512 INFO  SelectNationalityPage :31 - Click next step Button
2023-07-23 15:07:737 INFO  ResultPage :44 - get result message tourism
